Using pre-set license
Built from '2021.3/staging' branch; Version is '2021.3.22f1 (b6c551784ba3) revision 11978065'; Using compiler version '192829333'; Build Type 'Release'
OS: 'Windows 10  (10.0.19045) 64bit Core' Language: 'en' Physical Memory: 12084 MB
BatchMode: 1, IsHumanControllingUs: 0, StartBugReporterOnCrash: 0, Is64bit: 1, IsPro: 1

COMMAND LINE ARGUMENTS:
C:\Program Files\Unity\Hub\Editor\2021.3.22f1\Editor\Unity.exe
-adb2
-batchMode
-noUpm
-name
AssetImportWorker1
-projectPath
C:/Users/fawns/Documents/Game-Project/Game-Project
-logFile
Logs/AssetImportWorker1.log
-srvPort
51043
Successfully changed project path to: C:/Users/fawns/Documents/Game-Project/Game-Project
C:/Users/fawns/Documents/Game-Project/Game-Project
[UnityMemory] Configuration Parameters - Can be set up in boot.config
    "memorysetup-bucket-allocator-granularity=16"
    "memorysetup-bucket-allocator-bucket-count=8"
    "memorysetup-bucket-allocator-block-size=33554432"
    "memorysetup-bucket-allocator-block-count=8"
    "memorysetup-main-allocator-block-size=16777216"
    "memorysetup-thread-allocator-block-size=16777216"
    "memorysetup-gfx-main-allocator-block-size=16777216"
    "memorysetup-gfx-thread-allocator-block-size=16777216"
    "memorysetup-cache-allocator-block-size=4194304"
    "memorysetup-typetree-allocator-block-size=2097152"
    "memorysetup-profiler-bucket-allocator-granularity=16"
    "memorysetup-profiler-bucket-allocator-bucket-count=8"
    "memorysetup-profiler-bucket-allocator-block-size=33554432"
    "memorysetup-profiler-bucket-allocator-block-count=8"
    "memorysetup-profiler-allocator-block-size=16777216"
    "memorysetup-profiler-editor-allocator-block-size=1048576"
    "memorysetup-temp-allocator-size-main=16777216"
    "memorysetup-job-temp-allocator-block-size=2097152"
    "memorysetup-job-temp-allocator-block-size-background=1048576"
    "memorysetup-job-temp-allocator-reduction-small-platforms=262144"
    "memorysetup-temp-allocator-size-background-worker=32768"
    "memorysetup-temp-allocator-size-job-worker=262144"
    "memorysetup-temp-allocator-size-preload-manager=33554432"
    "memorysetup-temp-allocator-size-nav-mesh-worker=65536"
    "memorysetup-temp-allocator-size-audio-worker=65536"
    "memorysetup-temp-allocator-size-cloud-worker=32768"
    "memorysetup-temp-allocator-size-gi-baking-worker=262144"
    "memorysetup-temp-allocator-size-gfx=262144"
Player connection [16284] Host "[IP] 10.171.162.255 [Port] 0 [Flags] 2 [Guid] 2225532907 [EditorId] 2225532907 [Version] 1048832 [Id] WindowsEditor(7,DESKTOP-EJ2AFKL) [Debug] 1 [PackageName] WindowsEditor [ProjectName] Editor" joined multi-casting on [225.0.0.222:54997]...

Player connection [16284] Host "[IP] 10.171.162.255 [Port] 0 [Flags] 2 [Guid] 2225532907 [EditorId] 2225532907 [Version] 1048832 [Id] WindowsEditor(7,DESKTOP-EJ2AFKL) [Debug] 1 [PackageName] WindowsEditor [ProjectName] Editor" joined alternative multi-casting on [225.0.0.222:34997]...

Refreshing native plugins compatible for Editor in 443.02 ms, found 4 plugins.
Preloading 0 native plugins for Editor in 0.00 ms.
Initialize engine version: 2021.3.22f1 (b6c551784ba3)
[Subsystems] Discovering subsystems at path C:/Program Files/Unity/Hub/Editor/2021.3.22f1/Editor/Data/Resources/UnitySubsystems
[Subsystems] Discovering subsystems at path C:/Users/fawns/Documents/Game-Project/Game-Project/Assets
GfxDevice: creating device client; threaded=0; jobified=0
Direct3D:
    Version:  Direct3D 11.0 [level 11.1]
    Renderer: Intel(R) UHD Graphics (ID=0x9b41)
    Vendor:   Intel
    VRAM:     6042 MB
    Driver:   27.20.100.8729
Initialize mono
Mono path[0] = 'C:/Program Files/Unity/Hub/Editor/2021.3.22f1/Editor/Data/Managed'
Mono path[1] = 'C:/Program Files/Unity/Hub/Editor/2021.3.22f1/Editor/Data/MonoBleedingEdge/lib/mono/unityjit-win32'
Mono config path = 'C:/Program Files/Unity/Hub/Editor/2021.3.22f1/Editor/Data/MonoBleedingEdge/etc'
Using monoOptions --debugger-agent=transport=dt_socket,embedding=1,server=y,suspend=n,address=127.0.0.1:56952
Begin MonoManager ReloadAssembly
Registering precompiled unity dll's ...
Register platform support module: C:/Program Files/Unity/Hub/Editor/2021.3.22f1/Editor/Data/PlaybackEngines/WebGLSupport/UnityEditor.WebGL.Extensions.dll
Register platform support module: C:/Program Files/Unity/Hub/Editor/2021.3.22f1/Editor/Data/PlaybackEngines/WindowsStandaloneSupport/UnityEditor.WindowsStandalone.Extensions.dll
Registered in 0.022384 seconds.
Native extension for WindowsStandalone target not found
Native extension for WebGL target not found
Refreshing native plugins compatible for Editor in 438.10 ms, found 4 plugins.
Preloading 0 native plugins for Editor in 0.00 ms.
Mono: successfully reloaded assembly
- Completed reload, in  2.567 seconds
Domain Reload Profiling:
	ReloadAssembly (2569ms)
		BeginReloadAssembly (295ms)
			ExecutionOrderSort (0ms)
			DisableScriptedObjects (0ms)
			BackupInstance (0ms)
			ReleaseScriptingObjects (0ms)
			CreateAndSetChildDomain (3ms)
		EndReloadAssembly (1869ms)
			LoadAssemblies (288ms)
			RebuildTransferFunctionScriptingTraits (0ms)
			SetupTypeCache (387ms)
			ReleaseScriptCaches (0ms)
			RebuildScriptCaches (123ms)
			SetupLoadedEditorAssemblies (1188ms)
				LogAssemblyErrors (0ms)
				InitializePlatformSupportModulesInManaged (34ms)
				SetLoadedEditorAssemblies (1ms)
				RefreshPlugins (438ms)
				BeforeProcessingInitializeOnLoad (5ms)
				ProcessInitializeOnLoadAttributes (539ms)
				ProcessInitializeOnLoadMethodAttributes (171ms)
				AfterProcessingInitializeOnLoad (0ms)
				EditorAssembliesLoaded (0ms)
			ExecutionOrderSort2 (0ms)
			AwakeInstancesAfterBackupRestoration (0ms)
Platform modules already initialized, skipping
Registering precompiled user dll's ...
Registered in 0.022245 seconds.
Begin MonoManager ReloadAssembly
Symbol file LoadedFromMemory doesn't match image C:\Users\fawns\Documents\Game-Project\Game-Project\Library\PackageCache\com.unity.visualscripting@1.8.0\Editor\VisualScripting.Core\Dependencies\YamlDotNet\Unity.VisualScripting.YamlDotNet.dll
Symbol file LoadedFromMemory doesn't match image C:\Users\fawns\Documents\Game-Project\Game-Project\Library\PackageCache\com.unity.visualscripting@1.8.0\Editor\VisualScripting.Core\Dependencies\DotNetZip\Unity.VisualScripting.IonicZip.dll
Native extension for WindowsStandalone target not found
Native extension for WebGL target not found
Refreshing native plugins compatible for Editor in 476.25 ms, found 4 plugins.
Preloading 0 native plugins for Editor in 0.00 ms.
Mono: successfully reloaded assembly
- Completed reload, in  5.265 seconds
Domain Reload Profiling:
	ReloadAssembly (5268ms)
		BeginReloadAssembly (381ms)
			ExecutionOrderSort (0ms)
			DisableScriptedObjects (26ms)
			BackupInstance (0ms)
			ReleaseScriptingObjects (0ms)
			CreateAndSetChildDomain (49ms)
		EndReloadAssembly (4464ms)
			LoadAssemblies (286ms)
			RebuildTransferFunctionScriptingTraits (0ms)
			SetupTypeCache (1197ms)
			ReleaseScriptCaches (2ms)
			RebuildScriptCaches (280ms)
			SetupLoadedEditorAssemblies (2544ms)
				LogAssemblyErrors (0ms)
				InitializePlatformSupportModulesInManaged (25ms)
				SetLoadedEditorAssemblies (1ms)
				RefreshPlugins (476ms)
				BeforeProcessingInitializeOnLoad (465ms)
				ProcessInitializeOnLoadAttributes (1187ms)
				ProcessInitializeOnLoadMethodAttributes (359ms)
				AfterProcessingInitializeOnLoad (31ms)
				EditorAssembliesLoaded (1ms)
			ExecutionOrderSort2 (0ms)
			AwakeInstancesAfterBackupRestoration (33ms)
Platform modules already initialized, skipping
========================================================================
Worker process is ready to serve import requests
Launched and connected shader compiler UnityShaderCompiler.exe after 0.13 seconds
Refreshing native plugins compatible for Editor in 1.13 ms, found 4 plugins.
Preloading 0 native plugins for Editor in 0.00 ms.
Unloading 5583 Unused Serialized files (Serialized files now loaded: 0)
Unloading 43 unused Assets / (0.7 MB). Loaded Objects now: 6037.
Memory consumption went from 223.4 MB to 222.7 MB.
Total: 13.520500 ms (FindLiveObjects: 0.795900 ms CreateObjectMapping: 0.954100 ms MarkObjects: 11.230500 ms  DeleteObjects: 0.538900 ms)

AssetImportParameters requested are different than current active one (requested -> active):
  custom:video-decoder-ogg-theora: a1e56fd34408186e4bbccfd4996cb3dc -> 
  custom:container-muxer-webm: aa71ff27fc2769a1b78a27578f13a17b -> 
  custom:container-demuxer-webm: 4f35f7cbe854078d1ac9338744f61a02 -> 
  custom:video-encoder-webm-vp8: eb34c28f22e8b96e1ab97ce403110664 -> 
  custom:video-codec-MediaFoundation-h265: 746d11721c4dcdbdad8f713fa42b33f4 -> 
  custom:audio-encoder-webm-vorbis: bf7c407c2cedff20999df2af8eb42d56 -> 
  custom:framework-win-MediaFoundation: 216162199b28c13a410421893ffa2e32 -> 
  custom:container-demuxer-ogg: 62fdf1f143b41e24485cea50d1cbac27 -> 
  custom:video-decoder-webm-vp8: 9c59270c3fd7afecdb556c50c9e8de78 -> 
  custom:audio-decoder-ogg-vorbis: bf7c407c2cedff20999df2af8eb42d56 -> 
========================================================================
Received Import Request.
  Time since last request: 664833.542830 seconds.
  path: Assets/Sprites/RedIdle.png
  artifactKey: Guid(564a9d2178d4e414e9eecaea5853c32e) Importer(815301076,1909f56bfc062723c751e8b465ee728b)
Start importing Assets/Sprites/RedIdle.png using Guid(564a9d2178d4e414e9eecaea5853c32e) Importer(815301076,1909f56bfc062723c751e8b465ee728b)  -> (artifact id: '4c4f550fc71383556edc75aaae4ad794') in 0.391944 seconds 
========================================================================
Received Import Request.
  Time since last request: 0.000063 seconds.
  path: Assets/Sprites/Volcano.png
  artifactKey: Guid(99ecdf48889a90447812499cc020b831) Importer(815301076,1909f56bfc062723c751e8b465ee728b)
Start importing Assets/Sprites/Volcano.png using Guid(99ecdf48889a90447812499cc020b831) Importer(815301076,1909f56bfc062723c751e8b465ee728b)  -> (artifact id: '47297536315d8e18d13dccb24eda4051') in 0.220253 seconds 
========================================================================
Received Import Request.
  Time since last request: 0.000066 seconds.
  path: Assets/Sprites/Test.png
  artifactKey: Guid(ed329d746d6697945a3695856716966c) Importer(815301076,1909f56bfc062723c751e8b465ee728b)
Start importing Assets/Sprites/Test.png using Guid(ed329d746d6697945a3695856716966c) Importer(815301076,1909f56bfc062723c751e8b465ee728b)  -> (artifact id: 'fbdf5a8748bf277650f0e311946e0e3a') in 0.102123 seconds 
========================================================================
Received Import Request.
  Time since last request: 0.000041 seconds.
  path: Assets/Sprites/BlueWalk.png
  artifactKey: Guid(9926dae2ca342c84aacc7ba295f54408) Importer(815301076,1909f56bfc062723c751e8b465ee728b)
Start importing Assets/Sprites/BlueWalk.png using Guid(9926dae2ca342c84aacc7ba295f54408) Importer(815301076,1909f56bfc062723c751e8b465ee728b)  -> (artifact id: '6e0aaf5170c4578d7ed16af5d3aeac1e') in 0.140538 seconds 
========================================================================
Received Import Request.
  Time since last request: 0.000049 seconds.
  path: Assets/Sprites/RedDash.png
  artifactKey: Guid(326889f6defe395478acd457ac0e8bdd) Importer(815301076,1909f56bfc062723c751e8b465ee728b)
Start importing Assets/Sprites/RedDash.png using Guid(326889f6defe395478acd457ac0e8bdd) Importer(815301076,1909f56bfc062723c751e8b465ee728b)  -> (artifact id: '3a65dff76ddd4f670869e476354526e6') in 0.105309 seconds 
========================================================================
Received Import Request.
  Time since last request: 0.000042 seconds.
  path: Assets/Sprites/RedWalk.png
  artifactKey: Guid(9c42b2afdbe86fb49921cf1c087ac1bc) Importer(815301076,1909f56bfc062723c751e8b465ee728b)
Start importing Assets/Sprites/RedWalk.png using Guid(9c42b2afdbe86fb49921cf1c087ac1bc) Importer(815301076,1909f56bfc062723c751e8b465ee728b)  -> (artifact id: '45c9e648830eb8aaccff085854bbed61') in 0.103989 seconds 
========================================================================
Received Import Request.
  Time since last request: 0.000039 seconds.
  path: Assets/Sprites/RedJump.png
  artifactKey: Guid(bb90a58dffdfda14caa18b2926ebdb65) Importer(815301076,1909f56bfc062723c751e8b465ee728b)
Start importing Assets/Sprites/RedJump.png using Guid(bb90a58dffdfda14caa18b2926ebdb65) Importer(815301076,1909f56bfc062723c751e8b465ee728b)  -> (artifact id: 'b88dc87ebd27abbe37d89a7a6707356d') in 0.067842 seconds 
========================================================================
Received Import Request.
  Time since last request: 0.000044 seconds.
  path: Assets/Sprites/Door2.png
  artifactKey: Guid(75ebecc7f3c092d4b864c0bb86c9c1cd) Importer(815301076,1909f56bfc062723c751e8b465ee728b)
Start importing Assets/Sprites/Door2.png using Guid(75ebecc7f3c092d4b864c0bb86c9c1cd) Importer(815301076,1909f56bfc062723c751e8b465ee728b)  -> (artifact id: 'e3b9f514e78e5ed1201dbe241134150f') in 0.063981 seconds 
========================================================================
Received Import Request.
  Time since last request: 0.000053 seconds.
  path: Assets/Sprites/BlueJump.png
  artifactKey: Guid(4420e204bca33b84db5040d1c762cff4) Importer(815301076,1909f56bfc062723c751e8b465ee728b)
Start importing Assets/Sprites/BlueJump.png using Guid(4420e204bca33b84db5040d1c762cff4) Importer(815301076,1909f56bfc062723c751e8b465ee728b)  -> (artifact id: '18b888e9d6c294b442fb1268c9fd2161') in 0.056632 seconds 
========================================================================
Received Import Request.
  Time since last request: 0.000036 seconds.
  path: Assets/Sprites/Semiperm.png
  artifactKey: Guid(b7fbcd1acbabba44c9fef1cadbb70918) Importer(815301076,1909f56bfc062723c751e8b465ee728b)
Start importing Assets/Sprites/Semiperm.png using Guid(b7fbcd1acbabba44c9fef1cadbb70918) Importer(815301076,1909f56bfc062723c751e8b465ee728b)  -> (artifact id: '1cb4c6edd7946fd85d0c64062f4ef7cb') in 0.030690 seconds 
========================================================================
Received Import Request.
  Time since last request: 0.000043 seconds.
  path: Assets/Sprites/BG2.png
  artifactKey: Guid(2f567ba89029da2479c16908e9f83dba) Importer(815301076,1909f56bfc062723c751e8b465ee728b)
Start importing Assets/Sprites/BG2.png using Guid(2f567ba89029da2479c16908e9f83dba) Importer(815301076,1909f56bfc062723c751e8b465ee728b)  -> (artifact id: 'b507e2c0f1b9d473d62b6c583ed71bfc') in 0.191481 seconds 
========================================================================
Received Import Request.
  Time since last request: 0.000034 seconds.
  path: Assets/Sprites/tempsprite.png
  artifactKey: Guid(5c580f41519e8114d8d4abb8136832e3) Importer(815301076,1909f56bfc062723c751e8b465ee728b)
Start importing Assets/Sprites/tempsprite.png using Guid(5c580f41519e8114d8d4abb8136832e3) Importer(815301076,1909f56bfc062723c751e8b465ee728b)  -> (artifact id: 'd10425a10ba4c4232b8e24ed2e552133') in 0.037803 seconds 
========================================================================
Received Import Request.
  Time since last request: 0.000046 seconds.
  path: Assets/Sprites/Lava.png
  artifactKey: Guid(5521d8fca6d3fa345b560f72a891453f) Importer(815301076,1909f56bfc062723c751e8b465ee728b)
Start importing Assets/Sprites/Lava.png using Guid(5521d8fca6d3fa345b560f72a891453f) Importer(815301076,1909f56bfc062723c751e8b465ee728b)  -> (artifact id: 'f459d3fc7aa3c7e1134cf2a1602864de') in 0.158520 seconds 
========================================================================
Received Import Request.
  Time since last request: 0.000032 seconds.
  path: Assets/Sprites/ground.png
  artifactKey: Guid(6968c6cdaab670543a9b051fe502e88a) Importer(815301076,1909f56bfc062723c751e8b465ee728b)
Start importing Assets/Sprites/ground.png using Guid(6968c6cdaab670543a9b051fe502e88a) Importer(815301076,1909f56bfc062723c751e8b465ee728b)  -> (artifact id: '0f2863bb91e914851a8f6eaa5a6bc004') in 0.091205 seconds 
========================================================================
Received Import Request.
  Time since last request: 0.000056 seconds.
  path: Assets/Sprites/GoofySprite.png
  artifactKey: Guid(baea5ca88b3ce474b9c15a81c016c760) Importer(815301076,1909f56bfc062723c751e8b465ee728b)
Start importing Assets/Sprites/GoofySprite.png using Guid(baea5ca88b3ce474b9c15a81c016c760) Importer(815301076,1909f56bfc062723c751e8b465ee728b)  -> (artifact id: '89d7888a39cbd8bc910c23f6407d9ae5') in 0.050763 seconds 
========================================================================
Received Import Request.
  Time since last request: 0.000056 seconds.
  path: Assets/Sprites/square1.png
  artifactKey: Guid(19fdcd1aa2d53f24ead5f080d57ae501) Importer(815301076,1909f56bfc062723c751e8b465ee728b)
Start importing Assets/Sprites/square1.png using Guid(19fdcd1aa2d53f24ead5f080d57ae501) Importer(815301076,1909f56bfc062723c751e8b465ee728b)  -> (artifact id: '98cff03a16511f600dcba0d691ffb915') in 0.029319 seconds 
========================================================================
Received Import Request.
  Time since last request: 1442.821717 seconds.
  path: Assets/Prefabs/DoorManager.prefab
  artifactKey: Guid(0024cb3bca7730e4fbf533f06f458b98) Importer(815301076,1909f56bfc062723c751e8b465ee728b)
Start importing Assets/Prefabs/DoorManager.prefab using Guid(0024cb3bca7730e4fbf533f06f458b98) Importer(815301076,1909f56bfc062723c751e8b465ee728b)  -> (artifact id: '6ca3619c992748d6e9d9a65b8f7cfffc') in 0.624721 seconds 
========================================================================
Received Import Request.
  Time since last request: 0.000103 seconds.
  path: Assets/Prefabs/PlayerManager.prefab
  artifactKey: Guid(b1e659115162c1a4d8f3830c241c3e6f) Importer(815301076,1909f56bfc062723c751e8b465ee728b)
Start importing Assets/Prefabs/PlayerManager.prefab using Guid(b1e659115162c1a4d8f3830c241c3e6f) Importer(815301076,1909f56bfc062723c751e8b465ee728b)  -> (artifact id: '42b443713c8c305f82cdeb51b02934bf') in 0.314230 seconds 
========================================================================
Received Prepare
Registering precompiled user dll's ...
Registered in 0.022704 seconds.
Begin MonoManager ReloadAssembly
Symbol file LoadedFromMemory doesn't match image C:\Users\fawns\Documents\Game-Project\Game-Project\Library\PackageCache\com.unity.visualscripting@1.8.0\Editor\VisualScripting.Core\Dependencies\YamlDotNet\Unity.VisualScripting.YamlDotNet.dll
Symbol file LoadedFromMemory doesn't match image C:\Users\fawns\Documents\Game-Project\Game-Project\Library\PackageCache\com.unity.visualscripting@1.8.0\Editor\VisualScripting.Core\Dependencies\DotNetZip\Unity.VisualScripting.IonicZip.dll
Native extension for WindowsStandalone target not found
Native extension for WebGL target not found
Refreshing native plugins compatible for Editor in 3.09 ms, found 4 plugins.
Preloading 0 native plugins for Editor in 0.00 ms.
Mono: successfully reloaded assembly
- Completed reload, in  4.802 seconds
Domain Reload Profiling:
	ReloadAssembly (4804ms)
		BeginReloadAssembly (551ms)
			ExecutionOrderSort (0ms)
			DisableScriptedObjects (33ms)
			BackupInstance (0ms)
			ReleaseScriptingObjects (0ms)
			CreateAndSetChildDomain (128ms)
		EndReloadAssembly (3868ms)
			LoadAssemblies (567ms)
			RebuildTransferFunctionScriptingTraits (0ms)
			SetupTypeCache (1053ms)
			ReleaseScriptCaches (5ms)
			RebuildScriptCaches (178ms)
			SetupLoadedEditorAssemblies (1599ms)
				LogAssemblyErrors (0ms)
				InitializePlatformSupportModulesInManaged (20ms)
				SetLoadedEditorAssemblies (1ms)
				RefreshPlugins (3ms)
				BeforeProcessingInitializeOnLoad (314ms)
				ProcessInitializeOnLoadAttributes (954ms)
				ProcessInitializeOnLoadMethodAttributes (279ms)
				AfterProcessingInitializeOnLoad (28ms)
				EditorAssembliesLoaded (1ms)
			ExecutionOrderSort2 (0ms)
			AwakeInstancesAfterBackupRestoration (59ms)
Platform modules already initialized, skipping
Refreshing native plugins compatible for Editor in 16.64 ms, found 4 plugins.
Preloading 0 native plugins for Editor in 0.00 ms.
Unloading 5445 Unused Serialized files (Serialized files now loaded: 0)
Unloading 28 unused Assets / (0.7 MB). Loaded Objects now: 6172.
Memory consumption went from 219.8 MB to 219.1 MB.
Total: 12.742700 ms (FindLiveObjects: 0.980100 ms CreateObjectMapping: 0.975600 ms MarkObjects: 9.918100 ms  DeleteObjects: 0.866300 ms)

AssetImportParameters requested are different than current active one (requested -> active):
  custom:video-decoder-ogg-theora: a1e56fd34408186e4bbccfd4996cb3dc -> 
  custom:container-muxer-webm: aa71ff27fc2769a1b78a27578f13a17b -> 
  custom:container-demuxer-webm: 4f35f7cbe854078d1ac9338744f61a02 -> 
  custom:video-encoder-webm-vp8: eb34c28f22e8b96e1ab97ce403110664 -> 
  custom:video-codec-MediaFoundation-h265: 746d11721c4dcdbdad8f713fa42b33f4 -> 
  custom:audio-encoder-webm-vorbis: bf7c407c2cedff20999df2af8eb42d56 -> 
  custom:framework-win-MediaFoundation: 216162199b28c13a410421893ffa2e32 -> 
  custom:container-demuxer-ogg: 62fdf1f143b41e24485cea50d1cbac27 -> 
  custom:video-decoder-webm-vp8: 9c59270c3fd7afecdb556c50c9e8de78 -> 
  custom:audio-decoder-ogg-vorbis: bf7c407c2cedff20999df2af8eb42d56 -> 
========================================================================
Received Import Request.
  Time since last request: 480.185798 seconds.
  path: Assets/Scripts/PlayerMovement.cs
  artifactKey: Guid(37dd8ac57a08e1e4e84bdb04b2ea7f8e) Importer(815301076,1909f56bfc062723c751e8b465ee728b)
Start importing Assets/Scripts/PlayerMovement.cs using Guid(37dd8ac57a08e1e4e84bdb04b2ea7f8e) Importer(815301076,1909f56bfc062723c751e8b465ee728b)  -> (artifact id: '7a46723cf2226e77174357a6960590d5') in 0.035662 seconds 
